  NS2D.cpp
  Particle.cpp
C:\Users\PC\source\repos\opgnel_project_smoke\opgnel_project_smoke\Particle.cpp(96,31): warning C4244: '인수': 'double'에서 'float'(으)로 변환하면서 데이터가 손실될 수 있습니다.
C:\Users\PC\source\repos\opgnel_project_smoke\opgnel_project_smoke\Particle.cpp(96,47): warning C4244: '인수': 'double'에서 'float'(으)로 변환하면서 데이터가 손실될 수 있습니다.
C:\Users\PC\source\repos\opgnel_project_smoke\opgnel_project_smoke\Particle.cpp(96,63): warning C4244: '인수': 'double'에서 'float'(으)로 변환하면서 데이터가 손실될 수 있습니다.
C:\Users\PC\source\repos\opgnel_project_smoke\opgnel_project_smoke\Particle.cpp(97,31): warning C4244: '인수': 'double'에서 'float'(으)로 변환하면서 데이터가 손실될 수 있습니다.
C:\Users\PC\source\repos\opgnel_project_smoke\opgnel_project_smoke\Particle.cpp(97,47): warning C4244: '인수': 'double'에서 'float'(으)로 변환하면서 데이터가 손실될 수 있습니다.
C:\Users\PC\source\repos\opgnel_project_smoke\opgnel_project_smoke\Particle.cpp(97,63): warning C4244: '인수': 'double'에서 'float'(으)로 변환하면서 데이터가 손실될 수 있습니다.
C:\Users\PC\source\repos\opgnel_project_smoke\opgnel_project_smoke\Particle.cpp(98,31): warning C4244: '인수': 'double'에서 'float'(으)로 변환하면서 데이터가 손실될 수 있습니다.
C:\Users\PC\source\repos\opgnel_project_smoke\opgnel_project_smoke\Particle.cpp(98,47): warning C4244: '인수': 'double'에서 'float'(으)로 변환하면서 데이터가 손실될 수 있습니다.
C:\Users\PC\source\repos\opgnel_project_smoke\opgnel_project_smoke\Particle.cpp(98,63): warning C4244: '인수': 'double'에서 'float'(으)로 변환하면서 데이터가 손실될 수 있습니다.
  Planet.cpp
  source.cpp
C:\Users\PC\source\repos\opgnel_project_smoke\opgnel_project_smoke\source.cpp(275,1): warning C4326: 'main'의 반환 형식이 'int'이어야 하는데 'void'입니다.
  VectorField2D.cpp
  VectorField3D.cpp
  WaterBall.cpp
  WaterBall2.cpp
  WaterBall3.cpp
  코드를 생성하고 있습니다.
  Previous IPDB was built with incompatible compiler, fall back to full compilation.
  All 164 functions were compiled because no usable IPDB/IOBJ from previous compilation was found.
  코드를 생성했습니다.
  opgnel_project_smoke.vcxproj -> C:\Users\PC\source\repos\opgnel_project_smoke\Release\opgnel_project_smoke.exe
